{
  "workflow_id": "workflow_89561d93f8d4",
  "timestamp": "2025-11-20T21:13:57.317209",
  "summary": {
    "total": 6,
    "passed": 0,
    "failed": 6,
    "success_rate": 0.0
  },
  "results": [
    {
      "strategy": "ai_strategy_data_loading",
      "status": "error",
      "duration": 20.304026126861572,
      "exit_code": 2,
      "output": "============================= test session starts =============================\nplatform win32 -- Python 3.13.7, pytest-9.0.1, pluggy-1.6.0 -- C:\\Python313\\python.exe\ncachedir: .pytest_cache\nmetadata: {'Python': '3.13.7', 'Platform': 'Windows-10-10.0.19045-SP0', 'Packages': {'pytest': '9.0.1', 'pluggy': '1.6.0'}, 'Plugins': {'json-report': '1.5.0', 'metadata': '3.1.1'}}\nrootdir: C:\\Users\\nyaga\\Documents\\AlgoAgent\\multi_agent\nplugins: json-report-1.5.0, metadata-3.1.1\ncollecting ... collected 0 items / 1 error\n\n=================================== ERRORS ====================================\n___________ ERROR collecting tests/test_ai_strategy_data_loading.py ___________\n..\\..\\..\\AppData\\Roaming\\Python\\Python313\\site-packages\\_pytest\\python.py:507: in importtestmodule\n    mod = import_path(\n..\\..\\..\\AppData\\Roaming\\Python\\Python313\\site-packages\\_pytest\\pathlib.py:587: in import_path\n    importlib.import_module(module_name)\nC:\\Python313\\Lib\\importlib\\__init__.py:88: in import_module\n    re",
      "errors": [],
      "error": "============================= test session starts =============================\nplatform win32 -- Python 3.13.7, pytest-9.0.1, pluggy-1.6.0 -- C:\\Python313\\python.exe\ncachedir: .pytest_cache\nmetadata:"
    },
    {
      "strategy": "ai_strategy_data_loading_sma",
      "status": "error",
      "duration": 10.910785675048828,
      "exit_code": 2,
      "output": "============================= test session starts =============================\nplatform win32 -- Python 3.13.7, pytest-9.0.1, pluggy-1.6.0 -- C:\\Python313\\python.exe\ncachedir: .pytest_cache\nmetadata: {'Python': '3.13.7', 'Platform': 'Windows-10-10.0.19045-SP0', 'Packages': {'pytest': '9.0.1', 'pluggy': '1.6.0'}, 'Plugins': {'json-report': '1.5.0', 'metadata': '3.1.1'}}\nrootdir: C:\\Users\\nyaga\\Documents\\AlgoAgent\\multi_agent\nplugins: json-report-1.5.0, metadata-3.1.1\ncollecting ... collected 0 items / 1 error\n\n=================================== ERRORS ====================================\n_________ ERROR collecting tests/test_ai_strategy_data_loading_sma.py _________\n..\\..\\..\\AppData\\Roaming\\Python\\Python313\\site-packages\\_pytest\\python.py:507: in importtestmodule\n    mod = import_path(\n..\\..\\..\\AppData\\Roaming\\Python\\Python313\\site-packages\\_pytest\\pathlib.py:587: in import_path\n    importlib.import_module(module_name)\nC:\\Python313\\Lib\\importlib\\__init__.py:88: in import_module\n    re",
      "errors": [],
      "error": "============================= test session starts =============================\nplatform win32 -- Python 3.13.7, pytest-9.0.1, pluggy-1.6.0 -- C:\\Python313\\python.exe\ncachedir: .pytest_cache\nmetadata:"
    },
    {
      "strategy": "ai_strategy_entry_ema_cross",
      "status": "timeout",
      "error": "Test execution timed out after 30 seconds"
    },
    {
      "strategy": "ai_strategy_entry_sma_crossover",
      "status": "timeout",
      "error": "Test execution timed out after 30 seconds"
    },
    {
      "strategy": "ai_strategy_exit_sl_tp",
      "status": "timeout",
      "error": "Test execution timed out after 30 seconds"
    },
    {
      "strategy": "ai_strategy_exit_sma_crossover",
      "status": "error",
      "duration": 27.29573106765747,
      "exit_code": 1,
      "output": "============================= test session starts =============================\nplatform win32 -- Python 3.13.7, pytest-9.0.1, pluggy-1.6.0 -- C:\\Python313\\python.exe\ncachedir: .pytest_cache\nmetadata: {'Python': '3.13.7', 'Platform': 'Windows-10-10.0.19045-SP0', 'Packages': {'pytest': '9.0.1', 'pluggy': '1.6.0'}, 'Plugins': {'json-report': '1.5.0', 'metadata': '3.1.1'}}\nrootdir: C:\\Users\\nyaga\\Documents\\AlgoAgent\\multi_agent\nplugins: json-report-1.5.0, metadata-3.1.1\ncollecting ... collected 6 items\n\ntests/test_ai_strategy_exit_sma_crossover.py::test_backtest_runs FAILED  [ 16%]\ntests/test_ai_strategy_exit_sma_crossover.py::test_report_structure FAILED [ 33%]\ntests/test_ai_strategy_exit_sma_crossover.py::test_trades_generated FAILED [ 50%]\ntests/test_ai_strategy_exit_sma_crossover.py::test_metrics_present FAILED [ 66%]\ntests/test_ai_strategy_exit_sma_crossover.py::test_strategy_initialization FAILED [ 83%]\ntests/test_ai_strategy_exit_sma_crossover.py::test_indicators_computation PASSED",
      "errors": [
        {
          "test_name": "tests/test_ai_strategy_exit_sma_crossover.py::test_backtest_runs",
          "message": "E   AttributeError: 'SimBrokerAdapter' object has no attribute 'set_current_bar'",
          "full_traceback": "tests\\test_ai_strategy_exit_sma_crossover.py:63: in test_backtest_runs\n    report = run_backtest(simbroker_adapter, sample_data, cfg)\n             ^^^^^^^^^^^^^^^^^^^^^^^^^^^^^^^^^^^^^^^^^^^^^^^^^\nBacktest\\codes\\ai_strategy_exit_sma_crossover.py:229: in run_backtest\n    adapter.set_current_bar(bar)\n    ^^^^^^^^^^^^^^^^^^^^^^^\nE   AttributeError: 'SimBrokerAdapter' object has no attribute 'set_current_bar'"
        },
        {
          "test_name": "tests/test_ai_strategy_exit_sma_crossover.py::test_report_structure",
          "message": "E   AttributeError: 'SimBrokerAdapter' object has no attribute 'set_current_bar'",
          "full_traceback": "tests\\test_ai_strategy_exit_sma_crossover.py:72: in test_report_structure\n    report = run_backtest(simbroker_adapter, sample_data, cfg)\n             ^^^^^^^^^^^^^^^^^^^^^^^^^^^^^^^^^^^^^^^^^^^^^^^^^\nBacktest\\codes\\ai_strategy_exit_sma_crossover.py:229: in run_backtest\n    adapter.set_current_bar(bar)\n    ^^^^^^^^^^^^^^^^^^^^^^^\nE   AttributeError: 'SimBrokerAdapter' object has no attribute 'set_current_bar'"
        },
        {
          "test_name": "tests/test_ai_strategy_exit_sma_crossover.py::test_trades_generated",
          "message": "E   AttributeError: 'SimBrokerAdapter' object has no attribute 'set_current_bar'",
          "full_traceback": "tests\\test_ai_strategy_exit_sma_crossover.py:88: in test_trades_generated\n    report = run_backtest(simbroker_adapter, sample_data, cfg)\n             ^^^^^^^^^^^^^^^^^^^^^^^^^^^^^^^^^^^^^^^^^^^^^^^^^\nBacktest\\codes\\ai_strategy_exit_sma_crossover.py:229: in run_backtest\n    adapter.set_current_bar(bar)\n    ^^^^^^^^^^^^^^^^^^^^^^^\nE   AttributeError: 'SimBrokerAdapter' object has no attribute 'set_current_bar'"
        },
        {
          "test_name": "tests/test_ai_strategy_exit_sma_crossover.py::test_metrics_present",
          "message": "E   AttributeError: 'SimBrokerAdapter' object has no attribute 'set_current_bar'",
          "full_traceback": "tests\\test_ai_strategy_exit_sma_crossover.py:104: in test_metrics_present\n    report = run_backtest(simbroker_adapter, sample_data, cfg)\n             ^^^^^^^^^^^^^^^^^^^^^^^^^^^^^^^^^^^^^^^^^^^^^^^^^\nBacktest\\codes\\ai_strategy_exit_sma_crossover.py:229: in run_backtest\n    adapter.set_current_bar(bar)\n    ^^^^^^^^^^^^^^^^^^^^^^^\nE   AttributeError: 'SimBrokerAdapter' object has no attribute 'set_current_bar'"
        },
        {
          "test_name": "tests/test_ai_strategy_exit_sma_crossover.py::test_strategy_initialization",
          "message": "E   AttributeError: 'Strategy' object has no attribute 'symbol'",
          "full_traceback": "tests\\test_ai_strategy_exit_sma_crossover.py:128: in test_strategy_initialization\n    assert strategy.symbol == 'EURUSD'\n           ^^^^^^^^^^^^^^^\nE   AttributeError: 'Strategy' object has no attribute 'symbol'"
        }
      ],
      "error": "E   AttributeError: 'SimBrokerAdapter' object has no attribute 'set_current_bar'"
    }
  ]
}